[main c83c779] added new recordings
 2 files changed, 0 insertions(+), 0 deletions(-)
 rewrite radio.mp3 (95%)
 create mode 100644 record.log
Already up to date.
[main dcafbdc] added Test  recordings
 2 files changed, 1 insertion(+)
 create mode 100644 Test -Sunday.mp3
Already up to date.
[main 9d16677] added Morning show  recordings
 2 files changed, 4 insertions(+)
 create mode 100644 Morning show -Monday.mp3
Already up to date.
[main 5e7a39c] added K cha Nepal  recordings
 2 files changed, 4 insertions(+)
 create mode 100644 K cha Nepal -Monday.mp3
Already up to date.
[main 10ea717] added Morning show  recordings
 2 files changed, 4 insertions(+)
 create mode 100644 Morning show -Tuesday.mp3
Already up to date.
